<?xml version="1.0" encoding="UTF-8"?>
<testsuite xmlns:xsi="http://www.w3.org/2001/XMLSchema-instance" xsi:noNamespaceSchemaLocation="https://maven.apache.org/surefire/maven-surefire-plugin/xsd/surefire-test-report-3.0.xsd" version="3.0" name="com.aecode.webcoursesback.WebCoursesBackApplicationTests" time="30.245" tests="1" errors="0" skipped="0" failures="0">
  <properties>
[...]
</properties>
  <testcase name="contextLoads" classname="com.aecode.webcoursesback.WebCoursesBackApplicationTests" time="0.817">
    <system-out><![CDATA[18:30:13.985 [main] INFO org.springframework.test.context.support.AnnotationConfigContextLoaderUtils -- Could not detect default configuration classes for test class [com.aecode.webcoursesback.WebCoursesBackApplicationTests]: WebCoursesBackApplicationTests does not declare any static, non-private, non-final, nested classes annotated with @Configuration.
18:30:14.266 [main] INFO org.springframework.boot.test.context.SpringBootTestContextBootstrapper -- Found @SpringBootConfiguration com.aecode.webcoursesback.WebCoursesBackApplication for test class com.aecode.webcoursesback.WebCoursesBackApplicationTests
18:30:14.766 [main] INFO org.springframework.boot.devtools.restart.RestartApplicationListener -- Restart disabled due to context in which it is running

  .   ____          _            __ _ _
 /\\ / ___'_ __ _ _(_)_ __  __ _ \ \ \ \
( ( )\___ | '_ | '_| | '_ \/ _` | \ \ \ \
 \\/  ___)| |_)| | | | | || (_| |  ) ) ) )
  '  |____| .__|_| |_|_| |_\__, | / / / /
 =========|_|==============|___/=/_/_/_/

 :: Spring Boot ::                (v3.3.3)

2024-10-29T18:30:15.714-05:00  INFO 20328 --- [WebCoursesBack] [           main] c.a.w.WebCoursesBackApplicationTests     : Starting WebCoursesBackApplicationTests using Java 17.0.7 with PID 20328 (started by MANUEL in C:\Users\MANUEL\OneDrive\Escritorio\manuel\WebCourses\WebCoursesBack)
2024-10-29T18:30:15.719-05:00  INFO 20328 --- [WebCoursesBack] [           main] c.a.w.WebCoursesBackApplicationTests     : No active profile set, falling back to 1 default profile: "default"
2024-10-29T18:30:20.449-05:00  INFO 20328 --- [WebCoursesBack] [           main] .s.d.r.c.RepositoryConfigurationDelegate : Bootstrapping Spring Data JPA repositories in DEFAULT mode.
2024-10-29T18:30:20.758-05:00  INFO 20328 --- [WebCoursesBack] [           main] .s.d.r.c.RepositoryConfigurationDelegate : Finished Spring Data repository scanning in 276 ms. Found 10 JPA repository interfaces.
2024-10-29T18:30:22.400-05:00  INFO 20328 --- [WebCoursesBack] [           main] o.hibernate.jpa.internal.util.LogHelper  : HHH000204: Processing PersistenceUnitInfo [name: default]
2024-10-29T18:30:22.680-05:00  INFO 20328 --- [WebCoursesBack] [           main] org.hibernate.Version                    : HHH000412: Hibernate ORM core version 6.5.2.Final
2024-10-29T18:30:22.833-05:00  INFO 20328 --- [WebCoursesBack] [           main] o.h.c.internal.RegionFactoryInitiator    : HHH000026: Second-level cache disabled
2024-10-29T18:30:24.140-05:00  INFO 20328 --- [WebCoursesBack] [           main] o.s.o.j.p.SpringPersistenceUnitInfo      : No LoadTimeWeaver setup: ignoring JPA class transformer
2024-10-29T18:30:24.246-05:00  INFO 20328 --- [WebCoursesBack] [           main] com.zaxxer.hikari.HikariDataSource       : HikariPool-1 - Starting...
2024-10-29T18:30:26.518-05:00  INFO 20328 --- [WebCoursesBack] [           main] com.zaxxer.hikari.pool.HikariPool        : HikariPool-1 - Added connection org.postgresql.jdbc.PgConnection@3982206a
2024-10-29T18:30:26.521-05:00  INFO 20328 --- [WebCoursesBack] [           main] com.zaxxer.hikari.HikariDataSource       : HikariPool-1 - Start completed.
2024-10-29T18:30:26.772-05:00  WARN 20328 --- [WebCoursesBack] [           main] org.hibernate.orm.deprecation            : HHH90000025: PostgreSQLDialect does not need to be specified explicitly using 'hibernate.dialect' (remove the property setting and it will be selected by default)
2024-10-29T18:30:29.653-05:00  INFO 20328 --- [WebCoursesBack] [           main] o.h.e.t.j.p.i.JtaPlatformInitiator       : HHH000489: No JTA platform available (set 'hibernate.transaction.jta.platform' to enable JTA platform integration)
Hibernate: 
    alter table if exists sessions 
       alter column description set data type TEXT
Hibernate: 
    alter table if exists sessions 
       alter column resource_text set data type TEXT
Hibernate: 
    alter table if exists sessiontests 
       alter column question_text set data type TEXT
Hibernate: 
    alter table if exists userdetail 
       alter column bio set data type TEXT
2024-10-29T18:30:38.960-05:00  INFO 20328 --- [WebCoursesBack] [           main] j.LocalContainerEntityManagerFactoryBean : Initialized JPA EntityManagerFactory for persistence unit 'default'
2024-10-29T18:30:39.696-05:00  INFO 20328 --- [WebCoursesBack] [           main] o.s.d.j.r.query.QueryEnhancerFactory     : Hibernate is in classpath; If applicable, HQL parser will be used.
2024-10-29T18:30:41.730-05:00  WARN 20328 --- [WebCoursesBack] [           main] JpaBaseConfiguration$JpaWebConfiguration : spring.jpa.open-in-view is enabled by default. Therefore, database queries may be performed during view rendering. Explicitly configure spring.jpa.open-in-view to disable this warning
2024-10-29T18:30:42.897-05:00  INFO 20328 --- [WebCoursesBack] [           main] c.a.w.WebCoursesBackApplicationTests     : Started WebCoursesBackApplicationTests in 28.171 seconds (process running for 30.595)
]]></system-out>
  </testcase>
</testsuite>